<?xml version="1.0" encoding="UTF-8"?>
<testng-results ignored="0" total="1" passed="1" failed="0" skipped="0">
  <reporter-output>
  </reporter-output>
  <suite started-at="2022-04-11T09:49:10 IST" name="Default suite" finished-at="2022-04-11T09:49:10 IST" duration-ms="65">
    <groups>
    </groups>
    <test started-at="2022-04-11T09:49:10 IST" name="Default test" finished-at="2022-04-11T09:49:10 IST" duration-ms="65">
      <class name="mystorereporttestcases.LoginTest">
        <test-method signature="Log()[pri:0, instance:mystorereporttestcases.LoginTest@342c38f8]" started-at="2022-04-11T09:49:10 IST" name="Log" finished-at="2022-04-11T09:49:10 IST" duration-ms="11" status="PASS">
          <reporter-output>
          </reporter-output>
        </test-method> <!-- Log -->
      </class> <!-- mystorereporttestcases.LoginTest -->
    </test> <!-- Default test -->
  </suite> <!-- Default suite -->
</testng-results>
